#
# There is insufficient memory for the Java Runtime Environment to continue.
# Native memory allocation (malloc) failed to allocate 926736 bytes for Chunk::new
# Possible reasons:
#   The system is out of physical RAM or swap space
#   In 32 bit mode, the process size limit was hit
# Possible solutions:
#   Reduce memory load on the system
#   Increase physical memory or swap space
#   Check if swap backing store is full
#   Use 64 bit Java on a 64 bit OS
#   Decrease Java heap size (-Xmx/-Xms)
#   Decrease number of Java threads
#   Decrease Java thread stack sizes (-Xss)
#   Set larger code cache with -XX:ReservedCodeCacheSize=
# This output file may be truncated or incomplete.
#
#  Out of Memory Error (allocation.cpp:390), pid=9540, tid=9624
#
# JRE version: Java(TM) SE Runtime Environment (8.0_66-b17) (build 1.8.0_66-b17)
# Java VM: Java HotSpot(TM) 64-Bit Server VM (25.66-b17 mixed mode windows-amd64 compressed oops)
# Failed to write core dump. Minidumps are not enabled by default on client versions of Windows
#

---------------  T H R E A D  ---------------

Current thread (0x0000000017260000):  JavaThread "C2 CompilerThread2" daemon [_thread_in_native, id=9624, stack(0x0000000017a30000,0x0000000017b30000)]

Stack: [0x0000000017a30000,0x0000000017b30000]
[error occurred during error reporting (printing stack bounds), id 0xc0000005]

Native frames: (J=compiled Java code, j=interpreted, Vv=VM code, C=native code)


Current CompileTask:
C2:    916 1192       4       com.android.dx.ssa.SCCP::simulatePhi (169 bytes)


---------------  P R O C E S S  ---------------

Java Threads: ( => current thread )
  0x00000000174c7800 JavaThread "pool-1-thread-4" [_thread_blocked, id=9940, stack(0x0000000018230000,0x0000000018330000)]
  0x000000001744c000 JavaThread "pool-1-thread-3" [_thread_blocked, id=8940, stack(0x0000000018130000,0x0000000018230000)]
  0x0000000017449000 JavaThread "pool-1-thread-2" [_thread_blocked, id=2220, stack(0x0000000018030000,0x0000000018130000)]
  0x000000001744d000 JavaThread "pool-2-thread-1" [_thread_blocked, id=5496, stack(0x0000000017f30000,0x0000000018030000)]
  0x0000000017443000 JavaThread "pool-1-thread-1" [_thread_blocked, id=7328, stack(0x0000000017e30000,0x0000000017f30000)]
  0x000000001730d800 JavaThread "Service Thread" daemon [_thread_blocked, id=316, stack(0x0000000017c30000,0x0000000017d30000)]
  0x000000001726f000 JavaThread "C1 CompilerThread3" daemon [_thread_blocked, id=9396, stack(0x0000000017b30000,0x0000000017c30000)]
=>0x0000000017260000 JavaThread "C2 CompilerThread2" daemon [_thread_in_native, id=9624, stack(0x0000000017a30000,0x0000000017b30000)]
  0x000000001725f800 JavaThread "C2 CompilerThread1" daemon [_thread_in_native, id=8796, stack(0x0000000017930000,0x0000000017a30000)]
  0x0000000017259800 JavaThread "C2 CompilerThread0" daemon [_thread_in_native, id=8824, stack(0x0000000017830000,0x0000000017930000)]
  0x0000000017258800 JavaThread "Attach Listener" daemon [_thread_blocked, id=4052, stack(0x0000000017730000,0x0000000017830000)]
  0x0000000017257800 JavaThread "Signal Dispatcher" daemon [_thread_blocked, id=9464, stack(0x0000000017630000,0x0000000017730000)]
  0x000000000272a000 JavaThread "Finalizer" daemon [_thread_blocked, id=2552, stack(0x0000000017130000,0x0000000017230000)]
  0x000000001524d000 JavaThread "Reference Handler" daemon [_thread_blocked, id=1676, stack(0x0000000017030000,0x0000000017130000)]
  0x0000000002631000 JavaThread "main" [_thread_in_native, id=7948, stack(0x0000000002430000,0x0000000002530000)]

Other Threads:
  0x0000000015249000 VMThread [stack: 0x0000000016f30000,0x0000000017030000] [id=3068]
  0x000000001731f000 WatcherThread [stack: 0x0000000017d30000,0x0000000017e30000] [id=7220]

VM state:not at safepoint (normal execution)

VM Mutex/Monitor currently owned by a thread: None

Heap:
 PSYoungGen      total 38400K, used 16121K [0x00000000eab00000, 0x00000000ef600000, 0x0000000100000000)
  eden space 33280K, 33% used [0x00000000eab00000,0x00000000eb5c0780,0x00000000ecb80000)
  from space 5120K, 99% used [0x00000000ecb80000,0x00000000ed07de10,0x00000000ed080000)
  to   space 5120K, 0% used [0x00000000ef100000,0x00000000ef100000,0x00000000ef600000)
 ParOldGen       total 87552K, used 2586K [0x00000000c0000000, 0x00000000c5580000, 0x00000000eab00000)
  object space 87552K, 2% used [0x00000000c0000000,0x00000000c0286bf0,0x00000000c5580000)
 Metaspace       used 5801K, capacity 6896K, committed 7040K, reserved 1056768K
  class space    used 580K, capacity 616K, committed 640K, reserved 1048576K

Card table byte_map: [0x0000000011af0000,0x0000000011d00000] byte_map_base: 0x00000000114f0000

Marking Bits: (ParMarkBitMap*) 0x000000006feea5b0
 Begin Bits: [0x0000000012660000, 0x0000000013660000)
 End Bits:   [0x0000000013660000, 0x0000000014660000)

Polling page: 0x0000000002390000

CodeCache: size=245760Kb used=4772Kb max_used=4772Kb free=240987Kb
 bounds [0x0000000002730000, 0x0000000002bf0000, 0x0000000011730000]
 total_blobs=1498 nmethods=1237 adapters=175
 compilation: enabled

Compilation events (10 events):
Event: 0.867 Thread 0x000000001726f000 1241       3       com.android.dx.cf.direct.DirectClassFile::parseToEndIfNecessary (12 bytes)
Event: 0.867 Thread 0x000000001726f000 nmethod 1241 0x0000000002bcbd10 code [0x0000000002bcbe80, 0x0000000002bcc048]
Event: 0.867 Thread 0x000000001726f000 1240       3       java.util.concurrent.locks.ReentrantLock$Sync::isHeldExclusively (16 bytes)
Event: 0.867 Thread 0x000000001726f000 nmethod 1240 0x0000000002bcb8d0 code [0x0000000002bcba40, 0x0000000002bcbcb0]
Event: 0.873 Thread 0x000000001726f000 1242       3       java.lang.Character::forDigit (42 bytes)
Event: 0.873 Thread 0x000000001726f000 nmethod 1242 0x0000000002bc5650 code [0x0000000002bc57c0, 0x0000000002bc5a50]
Event: 0.879 Thread 0x000000001726f000 1243   !   3       com.android.dx.cf.direct.MemberListParser::parse (641 bytes)
Event: 0.890 Thread 0x000000001726f000 nmethod 1243 0x0000000002bce890 code [0x0000000002bcf460, 0x0000000002bd7f78]
Event: 0.891 Thread 0x000000001726f000 1244       3       java.util.concurrent.locks.ReentrantLock$Sync::tryRelease (45 bytes)
Event: 0.892 Thread 0x000000001726f000 nmethod 1244 0x0000000002bc4dd0 code [0x0000000002bc4f60, 0x0000000002bc5508]

GC Heap History (2 events):
Event: 0.743 GC heap before
{Heap before GC invocations=1 (full 0):
 PSYoungGen      total 38400K, used 33280K [0x00000000eab00000, 0x00000000ed580000, 0x0000000100000000)
  eden space 33280K, 100% used [0x00000000eab00000,0x00000000ecb80000,0x00000000ecb80000)
  from space 5120K, 0% used [0x00000000ed080000,0x00000000ed080000,0x00000000ed580000)
  to   space 5120K, 0% used [0x00000000ecb80000,0x00000000ecb80000,0x00000000ed080000)
 ParOldGen       total 87552K, used 0K [0x00000000c0000000, 0x00000000c5580000, 0x00000000eab00000)
  object space 87552K, 0% used [0x00000000c0000000,0x00000000c0000000,0x00000000c5580000)
 Metaspace       used 5690K, capacity 6832K, committed 7040K, reserved 1056768K
  class space    used 579K, capacity 616K, committed 640K, reserved 1048576K
Event: 0.754 GC heap after
Heap after GC invocations=1 (full 0):
 PSYoungGen      total 38400K, used 5111K [0x00000000eab00000, 0x00000000ef600000, 0x0000000100000000)
  eden space 33280K, 0% used [0x00000000eab00000,0x00000000eab00000,0x00000000ecb80000)
  from space 5120K, 99% used [0x00000000ecb80000,0x00000000ed07de10,0x00000000ed080000)
  to   space 5120K, 0% used [0x00000000ef100000,0x00000000ef100000,0x00000000ef600000)
 ParOldGen       total 87552K, used 2586K [0x00000000c0000000, 0x00000000c5580000, 0x00000000eab00000)
  object space 87552K, 2% used [0x00000000c0000000,0x00000000c0286bf0,0x00000000c5580000)
 Metaspace       used 5690K, capacity 6832K, committed 7040K, reserved 1056768K
  class space    used 579K, capacity 616K, committed 640K, reserved 1048576K
}

Deoptimization events (10 events):
Event: 0.721 Thread 0x00000000174c7800 Uncommon trap: reason=class_check action=maybe_recompile pc=0x0000000002a3a748 method=java.util.HashMap.putVal(ILjava/lang/Object;Ljava/lang/Object;ZZ)Ljava/lang/Object; @ 203
Event: 0.721 Thread 0x00000000174c7800 Uncommon trap: reason=bimorphic action=maybe_recompile pc=0x00000000029d52e8 method=java.util.HashMap.getNode(ILjava/lang/Object;)Ljava/util/HashMap$Node; @ 126
Event: 0.721 Thread 0x00000000174c7800 Uncommon trap: reason=class_check action=maybe_recompile pc=0x0000000002a3a748 method=java.util.HashMap.putVal(ILjava/lang/Object;Ljava/lang/Object;ZZ)Ljava/lang/Object; @ 203
Event: 0.721 Thread 0x00000000174c7800 Uncommon trap: reason=bimorphic action=maybe_recompile pc=0x00000000029d52e8 method=java.util.HashMap.getNode(ILjava/lang/Object;)Ljava/util/HashMap$Node; @ 126
Event: 0.721 Thread 0x00000000174c7800 Uncommon trap: reason=class_check action=maybe_recompile pc=0x0000000002a3a748 method=java.util.HashMap.putVal(ILjava/lang/Object;Ljava/lang/Object;ZZ)Ljava/lang/Object; @ 203
Event: 0.721 Thread 0x00000000174c7800 Uncommon trap: reason=bimorphic action=maybe_recompile pc=0x0000000002a8ce38 method=java.util.HashMap.getNode(ILjava/lang/Object;)Ljava/util/HashMap$Node; @ 126
Event: 0.721 Thread 0x00000000174c7800 Uncommon trap: reason=class_check action=maybe_recompile pc=0x0000000002a35d18 method=java.util.HashMap.putVal(ILjava/lang/Object;Ljava/lang/Object;ZZ)Ljava/lang/Object; @ 203
Event: 0.797 Thread 0x00000000174c7800 Uncommon trap: reason=unstable_if action=reinterpret pc=0x0000000002ab90b4 method=com.android.dx.rop.code.LocalItem.hashCode()I @ 25
Event: 0.797 Thread 0x00000000174c7800 Uncommon trap: reason=unstable_if action=reinterpret pc=0x0000000002a5c69c method=com.android.dx.rop.code.LocalItem.hashCode()I @ 25
Event: 0.810 Thread 0x00000000174c7800 Uncommon trap: reason=unstable_if action=reinterpret pc=0x0000000002a36c48 method=com.android.dx.rop.code.RegisterSpec.equals(ILcom/android/dx/rop/type/TypeBearer;Lcom/android/dx/rop/code/LocalItem;)Z @ 42

Internal exceptions (3 events):
Event: 0.055 Thread 0x0000000002631000 Exception <a 'java/lang/NoSuchMethodError': Method sun.misc.Unsafe.defineClass(Ljava/lang/String;[BII)Ljava/lang/Class; name or signature does not match> (0x00000000eab12e48) thrown at [C:\re\workspace\8-2-build-windows-amd64-cygwin\jdk8u66\4988\hotspot\srÍCÑB¨?
Event: 0.055 Thread 0x0000000002631000 Exception <a 'java/lang/NoSuchMethodError': Method sun.misc.Unsafe.prefetchRead(Ljava/lang/Object;J)V name or signature does not match> (0x00000000eab13130) thrown at [C:\re\workspace\8-2-build-windows-amd64-cygwin\jdk8u66\4988\hotspot\src\share\vm\prims\jMΩ.%”¡‚?
Event: 0.586 Thread 0x00000000174c7800 Implicit null exception at 0x0000000002a20862 to 0x0000000002a20952

Events (10 events):
Event: 0.797 Thread 0x00000000174c7800 Uncommon trap: trap_request=0xffffff65 fr.pc=0x0000000002a5c69c
Event: 0.797 Thread 0x00000000174c7800 DEOPT PACKING pc=0x0000000002a5c69c sp=0x000000001832e3c0
Event: 0.797 Thread 0x00000000174c7800 DEOPT UNPACKING pc=0x000000000277582a sp=0x000000001832e310 mode 2
Event: 0.806 loading class com/android/dx/dex/file/MethodAnnotationStruct
Event: 0.806 loading class com/android/dx/dex/file/MethodAnnotationStruct done
Event: 0.810 Thread 0x00000000174c7800 Uncommon trap: trap_request=0xffffff65 fr.pc=0x0000000002a36c48
Event: 0.810 Thread 0x00000000174c7800 DEOPT PACKING pc=0x0000000002a36c48 sp=0x000000001832eb20
Event: 0.810 Thread 0x00000000174c7800 DEOPT UNPACKING pc=0x000000000277582a sp=0x000000001832eaa8 mode 2
Event: 0.813 Thread 0x00000000174c7800 DEOPT PACKING pc=0x00000000029e5ab5 sp=0x000000001832ea80
Event: 0.813 Thread 0x00000000174c7800 DEOPT UNPACKING pc=0x000000000277747f sp=0x000000001832e860 mode 0


Dynamic libraries:
0x00007ff647020000 - 0x00007ff647057000 	C:\Program Files\Java\jdk1.8.0_66\bin\java.exe
0x00007ffeb6710000 - 0x00007ffeb68d2000 	C:\Windows\SYSTEM32\ntdll.dll
0x00007ffeb5c70000 - 0x00007ffeb5d1d000 	C:\Windows\system32\KERNEL32.DLL
0x00007ffeb3aa0000 - 0x00007ffeb3c7d000 	C:\Windows\system32\KERNELBASE.dll
0x00007ffeb5bb0000 - 0x00007ffeb5c56000 	C:\Windows\system32\ADVAPI32.dll
0x00007ffeb3f50000 - 0x00007ffeb3fed000 	C:\Windows\system32\msvcrt.dll
0x00007ffeb3ef0000 - 0x00007ffeb3f4b000 	C:\Windows\system32\sechost.dll
0x00007ffeb5f30000 - 0x00007ffeb6056000 	C:\Windows\system32\RPCRT4.dll
0x00007ffeb5560000 - 0x00007ffeb56ae000 	C:\Windows\system32\USER32.dll
0x00007ffeb61b0000 - 0x00007ffeb6336000 	C:\Windows\system32\GDI32.dll
0x00007ffe9e8b0000 - 0x00007ffe9eb24000 	C:\Windows\WinSxS\amd64_microsoft.windows.common-controls_6595b64144ccf1df_6.0.10240.16384_none_f41f7b285750ef43\COMCTL32.dll
0x00007ffeb63b0000 - 0x00007ffeb63e6000 	C:\Windows\system32\IMM32.DLL
0x00007ffeb6460000 - 0x00007ffeb65bc000 	C:\Windows\system32\MSCTF.dll
0x000000006ef50000 - 0x000000006f022000 	C:\Program Files\Java\jdk1.8.0_66\jre\bin\msvcr100.dll
0x000000006f6e0000 - 0x000000006ff69000 	C:\Program Files\Java\jdk1.8.0_66\jre\bin\server\jvm.dll
0x00007ffeb5c60000 - 0x00007ffeb5c68000 	C:\Windows\system32\PSAPI.DLL
0x00007ffea58a0000 - 0x00007ffea58a9000 	C:\Windows\SYSTEM32\WSOCK32.dll
0x00007ffeb1450000 - 0x00007ffeb1473000 	C:\Windows\SYSTEM32\WINMM.dll
0x00007ffeafcd0000 - 0x00007ffeafcda000 	C:\Windows\SYSTEM32\VERSION.dll
0x00007ffeb63f0000 - 0x00007ffeb6459000 	C:\Windows\system32\WS2_32.dll
0x00007ffeb6140000 - 0x00007ffeb6148000 	C:\Windows\system32\NSI.dll
0x00007ffeb1340000 - 0x00007ffeb136c000 	C:\Windows\SYSTEM32\WINMMBASE.dll
0x00007ffeb3250000 - 0x00007ffeb3294000 	C:\Windows\system32\cfgmgr32.dll
0x00007ffeb1a90000 - 0x00007ffeb1ab7000 	C:\Windows\SYSTEM32\DEVOBJ.dll
0x000000006f6d0000 - 0x000000006f6df000 	C:\Program Files\Java\jdk1.8.0_66\jre\bin\verify.dll
0x000000006f6a0000 - 0x000000006f6c9000 	C:\Program Files\Java\jdk1.8.0_66\jre\bin\java.dll
0x000000006f680000 - 0x000000006f696000 	C:\Program Files\Java\jdk1.8.0_66\jre\bin\zip.dll
0x00007ffeb3ff0000 - 0x00007ffeb5558000 	C:\Windows\system32\SHELL32.dll
0x00007ffeb3470000 - 0x00007ffeb3a98000 	C:\Windows\system32\windows.storage.dll
0x00007ffeb5930000 - 0x00007ffeb5bac000 	C:\Windows\system32\combase.dll
0x00007ffeb66b0000 - 0x00007ffeb6701000 	C:\Windows\system32\shlwapi.dll
0x00007ffeb3190000 - 0x00007ffeb319f000 	C:\Windows\system32\kernel.appcore.dll
0x00007ffeb3c80000 - 0x00007ffeb3d33000 	C:\Windows\system32\shcore.dll
0x00007ffeb3140000 - 0x00007ffeb318a000 	C:\Windows\system32\powrprof.dll
0x00007ffeb3120000 - 0x00007ffeb3133000 	C:\Windows\system32\profapi.dll
0x00007ffeb65d0000 - 0x00007ffeb668e000 	C:\Windows\system32\OLEAUT32.dll

VM Arguments:
jvm_args: -Djava.awt.headless=true -Xmx1024M -Dfile.encoding=windows-1250 -Duser.country=US -Duser.language=en -Duser.variant 
java_command: com.android.dx.command.Main --dex --num-threads=4 --output D:\ZAVRSNI\Diktafon\app\build\intermediates\pre-dexed\debug\debug_b888d576554b3bc5e80f174e2c67240e79ab30bc.jar D:\ZAVRSNI\Diktafon\app\build\intermediates\classes\debug
java_class_path (initial): C:\Users\Nikola\AppData\Local\Android\sdk\build-tools\23.0.2\lib\dx.jar
Launcher Type: SUN_STANDARD

Environment Variables:
PATH=C:\Program Files (x86)\NVIDIA Corporation\PhysX\Common;C:\ProgramData\Oracle\Java\javapath;C:\Windows\system32;C:\Windows;C:\Windows\System32\Wbem;C:\Windows\System32\WindowsPowerShell\v1.0\;D:\Program Files\AMD\ATI.ACE\Core-Static;C:\Program Files (x86)\ATI Technologies\ATI.ACE\Core-Static;C:\Program Files (x86)\AMD\ATI.ACE\Core-Static;C:\Windows\system32\config\systemprofile\.dnx\bin;C:\Program Files\Microsoft DNX\Dnvm\;C:\Program Files\Microsoft SQL Server\120\Tools\Binn\;C:\Program Files (x86)\Subversion\bin;C:\Program Files (x86)\Skype\Phone\;C:\Program Files (x86)\GtkSharp\2.12\bin;C:\Program Files\Git\cmd;C:\Users\Nikola\AppData\Local\atom\bin
USERNAME=Nikola
OS=Windows_NT
PROCESSOR_IDENTIFIER=AMD64 Family 21 Model 2 Stepping 0, AuthenticAMD



---------------  S Y S T E M  ---------------

OS: Windows 10.0 , 64 bit Build 10240 (10.0.10240.16384)

CPU:total 8 (8 cores per cpu, 1 threads per core) family 21 model 2 stepping 0, cmov, cx8, fxsr, mmx, sse, sse2, sse3, ssse3, sse4.1, sse4.2, popcnt, avx, aes, clmul, mmxext, 3dnowpref, lzcnt, sse4a, tsc, tscinvbit, tscinv, bmi1

Memory: 4k page, physical 8354460k(599048k free), swap 12548764k(5792k free)

vm_info: Java HotSpot(TM) 64-Bit Server VM (25.66-b17) for windows-amd64 JRE (1.8.0_66-b17), built on Oct  6 2015 18:55:33 by "java_re" with MS VC++ 10.0 (VS2010)

time: Thu Jun 16 20:46:40 2016
elapsed time: 0 seconds (0d 0h 0m 0s)

