#
# There is insufficient memory for the Java Runtime Environment to continue.
# Native memory allocation (malloc) failed to allocate 173216 bytes for Chunk::new
# Possible reasons:
#   The system is out of physical RAM or swap space
#   In 32 bit mode, the process size limit was hit
# Possible solutions:
#   Reduce memory load on the system
#   Increase physical memory or swap space
#   Check if swap backing store is full
#   Use 64 bit Java on a 64 bit OS
#   Decrease Java heap size (-Xmx/-Xms)
#   Decrease number of Java threads
#   Decrease Java thread stack sizes (-Xss)
#   Set larger code cache with -XX:ReservedCodeCacheSize=
# This output file may be truncated or incomplete.
#
#  Out of Memory Error (allocation.cpp:390), pid=9420, tid=6952
#
# JRE version: Java(TM) SE Runtime Environment (8.0_66-b17) (build 1.8.0_66-b17)
# Java VM: Java HotSpot(TM) 64-Bit Server VM (25.66-b17 mixed mode windows-amd64 compressed oops)
# Failed to write core dump. Minidumps are not enabled by default on client versions of Windows
#

---------------  T H R E A D  ---------------

Current thread (0x00000000177e9000):  JavaThread "C2 CompilerThread2" daemon [_thread_in_native, id=6952, stack(0x0000000017f70000,0x0000000018070000)]

Stack: [0x0000000017f70000,0x0000000018070000]
[error occurred during error reporting (printing stack bounds), id 0xc0000005]

Native frames: (J=compiled Java code, j=interpreted, Vv=VM code, C=native code)


Current CompileTask:
C2:   1332 1020       4       com.android.dx.ssa.SsaMethod::deleteInsns (239 bytes)


---------------  P R O C E S S  ---------------

Java Threads: ( => current thread )
  0x0000000017abd800 JavaThread "pool-1-thread-4" [_thread_in_Java, id=6508, stack(0x0000000018f70000,0x0000000019070000)]
  0x0000000017ab8000 JavaThread "pool-1-thread-3" [_thread_in_Java, id=7436, stack(0x0000000018e70000,0x0000000018f70000)]
  0x0000000017ab1000 JavaThread "pool-1-thread-2" [_thread_in_Java, id=9504, stack(0x0000000018d70000,0x0000000018e70000)]
  0x0000000017a9a000 JavaThread "pool-2-thread-1" [_thread_blocked, id=5264, stack(0x0000000018c70000,0x0000000018d70000)]
  0x0000000017a77000 JavaThread "pool-1-thread-1" [_thread_in_Java, id=4764, stack(0x0000000018b70000,0x0000000018c70000)]
  0x0000000017851800 JavaThread "Service Thread" daemon [_thread_blocked, id=2160, stack(0x0000000018170000,0x0000000018270000)]
  0x0000000017802000 JavaThread "C1 CompilerThread3" daemon [_thread_in_native, id=7940, stack(0x0000000018070000,0x0000000018170000)]
=>0x00000000177e9000 JavaThread "C2 CompilerThread2" daemon [_thread_in_native, id=6952, stack(0x0000000017f70000,0x0000000018070000)]
  0x000000001779e800 JavaThread "C2 CompilerThread1" daemon [_thread_in_native, id=8112, stack(0x0000000017e70000,0x0000000017f70000)]
  0x0000000017799000 JavaThread "C2 CompilerThread0" daemon [_thread_blocked, id=9560, stack(0x0000000017d70000,0x0000000017e70000)]
  0x0000000017797800 JavaThread "Attach Listener" daemon [_thread_blocked, id=984, stack(0x0000000017c70000,0x0000000017d70000)]
  0x0000000017796800 JavaThread "Signal Dispatcher" daemon [_thread_blocked, id=8980, stack(0x0000000017b70000,0x0000000017c70000)]
  0x0000000002ae9000 JavaThread "Finalizer" daemon [_thread_blocked, id=5184, stack(0x0000000017590000,0x0000000017690000)]
  0x0000000002ae2000 JavaThread "Reference Handler" daemon [_thread_blocked, id=4552, stack(0x0000000017490000,0x0000000017590000)]
  0x00000000029f1000 JavaThread "main" [_thread_in_Java, id=7912, stack(0x00000000028d0000,0x00000000029d0000)]

Other Threads:
  0x00000000156b9800 VMThread [stack: 0x0000000017390000,0x0000000017490000] [id=244]
  0x0000000017853800 WatcherThread [stack: 0x0000000018270000,0x0000000018370000] [id=9172]

VM state:not at safepoint (normal execution)

VM Mutex/Monitor currently owned by a thread: None

Heap:
 PSYoungGen      total 38400K, used 26888K [0x00000000eab00000, 0x00000000ed580000, 0x0000000100000000)
  eden space 33280K, 80% used [0x00000000eab00000,0x00000000ec542330,0x00000000ecb80000)
  from space 5120K, 0% used [0x00000000ed080000,0x00000000ed080000,0x00000000ed580000)
  to   space 5120K, 0% used [0x00000000ecb80000,0x00000000ecb80000,0x00000000ed080000)
 ParOldGen       total 87552K, used 0K [0x00000000c0000000, 0x00000000c5580000, 0x00000000eab00000)
  object space 87552K, 0% used [0x00000000c0000000,0x00000000c0000000,0x00000000c5580000)
 Metaspace       used 5865K, capacity 6768K, committed 7040K, reserved 1056768K
  class space    used 598K, capacity 616K, committed 640K, reserved 1048576K

Card table byte_map: [0x0000000011f60000,0x0000000012170000] byte_map_base: 0x0000000011960000

Marking Bits: (ParMarkBitMap*) 0x000000006feea5b0
 Begin Bits: [0x0000000012ad0000, 0x0000000013ad0000)
 End Bits:   [0x0000000013ad0000, 0x0000000014ad0000)

Polling page: 0x0000000000e00000

CodeCache: size=245760Kb used=4034Kb max_used=4034Kb free=241725Kb
 bounds [0x0000000002ba0000, 0x0000000002fa0000, 0x0000000011ba0000]
 total_blobs=1301 nmethods=1033 adapters=182
 compilation: enabled

Compilation events (10 events):
Event: 1.329 Thread 0x0000000017802000 1013       3       com.android.dx.util.BitIntSet$1::next (42 bytes)
Event: 1.330 Thread 0x0000000017802000 nmethod 1013 0x0000000002f8a3d0 code [0x0000000002f8a560, 0x0000000002f8a8d8]
Event: 1.330 Thread 0x0000000017802000 1034       3       com.android.dx.rop.cst.CstMemberRef::<init> (43 bytes)
Event: 1.330 Thread 0x0000000017802000 nmethod 1034 0x0000000002f89bd0 code [0x0000000002f89d80, 0x0000000002f8a1f8]
Event: 1.330 Thread 0x0000000017802000 1036       3       com.android.dx.cf.iface.StdAttributeList::set (7 bytes)
Event: 1.330 Thread 0x0000000017802000 nmethod 1036 0x0000000002f87ed0 code [0x0000000002f880a0, 0x0000000002f88888]
Event: 1.330 Thread 0x0000000017802000 1043       1       com.android.dx.cf.code.BasicBlocker::setPreviousOffset (6 bytes)
Event: 1.330 Thread 0x0000000017802000 nmethod 1043 0x0000000002f852d0 code [0x0000000002f85420, 0x0000000002f85530]
Event: 1.330 Thread 0x0000000017802000  998       3       com.android.dx.cf.code.BasicBlocker::visitThrowing (59 bytes)
Event: 1.331 Thread 0x0000000017802000 nmethod 998 0x0000000002f91a10 code [0x0000000002f91c00, 0x0000000002f92678]

GC Heap History (0 events):
No events

Deoptimization events (6 events):
Event: 0.851 Thread 0x00000000029f1000 Uncommon trap: reason=unstable_if action=reinterpret pc=0x0000000002dcd8c4 method=java.util.HashMap.getNode(ILjava/lang/Object;)Ljava/util/HashMap$Node; @ 62
Event: 0.967 Thread 0x0000000017abd800 Uncommon trap: reason=class_check action=maybe_recompile pc=0x0000000002e3bc50 method=com.android.dx.ssa.NormalSsaInsn.accept(Lcom/android/dx/ssa/SsaInsn$Visitor;)V @ 9
Event: 0.967 Thread 0x0000000017abd800 Uncommon trap: reason=class_check action=maybe_recompile pc=0x0000000002e3bc50 method=com.android.dx.ssa.NormalSsaInsn.accept(Lcom/android/dx/ssa/SsaInsn$Visitor;)V @ 9
Event: 0.967 Thread 0x0000000017abd800 Uncommon trap: reason=class_check action=maybe_recompile pc=0x0000000002e3bc50 method=com.android.dx.ssa.NormalSsaInsn.accept(Lcom/android/dx/ssa/SsaInsn$Visitor;)V @ 9
Event: 0.968 Thread 0x0000000017abd800 Uncommon trap: reason=class_check action=maybe_recompile pc=0x0000000002e3bc50 method=com.android.dx.ssa.NormalSsaInsn.accept(Lcom/android/dx/ssa/SsaInsn$Visitor;)V @ 9
Event: 1.143 Thread 0x0000000017a77000 Uncommon trap: reason=unstable_if action=reinterpret pc=0x0000000002e220f4 method=java.util.BitSet.ensureCapacity(I)V @ 6

Internal exceptions (2 events):
Event: 0.062 Thread 0x00000000029f1000 Exception <a 'java/lang/NoSuchMethodError': Method sun.misc.Unsafe.defineClass(Ljava/lang/String;[BII)Ljava/lang/Class; name or signature does not match> (0x00000000eab13050) thrown at [C:\re\workspace\8-2-build-windows-amd64-cygwin\jdk8u66\4988\hotspot\sr¦
1·º‡¯?
Event: 0.062 Thread 0x00000000029f1000 Exception <a 'java/lang/NoSuchMethodError': Method sun.misc.Unsafe.prefetchRead(Ljava/lang/Object;J)V name or signature does not match> (0x00000000eab13338) thrown at [C:\re\workspace\8-2-build-windows-amd64-cygwin\jdk8u66\4988\hotspot\src\share\vm\prims\j

Events (10 events):
Event: 0.973 loading class java/util/TreeMap$EntryIterator done
Event: 1.001 Executing VM operation: ForceSafepoint
Event: 1.062 Executing VM operation: ForceSafepoint done
Event: 1.109 loading class java/util/DualPivotQuicksort
Event: 1.109 loading class java/util/DualPivotQuicksort done
Event: 1.143 Thread 0x0000000017a77000 Uncommon trap: trap_request=0xffffff65 fr.pc=0x0000000002e220f4
Event: 1.143 Thread 0x0000000017a77000 DEOPT PACKING pc=0x0000000002e220f4 sp=0x0000000018c6e5a0
Event: 1.143 Thread 0x0000000017a77000 DEOPT UNPACKING pc=0x0000000002be582a sp=0x0000000018c6e488 mode 2
Event: 1.152 loading class com/android/dx/cf/attrib/AttExceptions
Event: 1.152 loading class com/android/dx/cf/attrib/AttExceptions done


Dynamic libraries:
0x00007ff647020000 - 0x00007ff647057000 	C:\Program Files\Java\jdk1.8.0_66\bin\java.exe
0x00007ffeb6710000 - 0x00007ffeb68d2000 	C:\Windows\SYSTEM32\ntdll.dll
0x00007ffeb5c70000 - 0x00007ffeb5d1d000 	C:\Windows\system32\KERNEL32.DLL
0x00007ffeb3aa0000 - 0x00007ffeb3c7d000 	C:\Windows\system32\KERNELBASE.dll
0x00007ffeb5bb0000 - 0x00007ffeb5c56000 	C:\Windows\system32\ADVAPI32.dll
0x00007ffeb3f50000 - 0x00007ffeb3fed000 	C:\Windows\system32\msvcrt.dll
0x00007ffeb3ef0000 - 0x00007ffeb3f4b000 	C:\Windows\system32\sechost.dll
0x00007ffeb5f30000 - 0x00007ffeb6056000 	C:\Windows\system32\RPCRT4.dll
0x00007ffeb5560000 - 0x00007ffeb56ae000 	C:\Windows\system32\USER32.dll
0x00007ffeb61b0000 - 0x00007ffeb6336000 	C:\Windows\system32\GDI32.dll
0x00007ffe9e8b0000 - 0x00007ffe9eb24000 	C:\Windows\WinSxS\amd64_microsoft.windows.common-controls_6595b64144ccf1df_6.0.10240.16384_none_f41f7b285750ef43\COMCTL32.dll
0x00007ffeb63b0000 - 0x00007ffeb63e6000 	C:\Windows\system32\IMM32.DLL
0x00007ffeb6460000 - 0x00007ffeb65bc000 	C:\Windows\system32\MSCTF.dll
0x000000006ef50000 - 0x000000006f022000 	C:\Program Files\Java\jdk1.8.0_66\jre\bin\msvcr100.dll
0x000000006f6e0000 - 0x000000006ff69000 	C:\Program Files\Java\jdk1.8.0_66\jre\bin\server\jvm.dll
0x00007ffeb5c60000 - 0x00007ffeb5c68000 	C:\Windows\system32\PSAPI.DLL
0x00007ffea58a0000 - 0x00007ffea58a9000 	C:\Windows\SYSTEM32\WSOCK32.dll
0x00007ffeb63f0000 - 0x00007ffeb6459000 	C:\Windows\system32\WS2_32.dll
0x00007ffeb6140000 - 0x00007ffeb6148000 	C:\Windows\system32\NSI.dll
0x00007ffeb1450000 - 0x00007ffeb1473000 	C:\Windows\SYSTEM32\WINMM.dll
0x00007ffeafcd0000 - 0x00007ffeafcda000 	C:\Windows\SYSTEM32\VERSION.dll
0x00007ffeb1340000 - 0x00007ffeb136c000 	C:\Windows\SYSTEM32\WINMMBASE.dll
0x00007ffeb3250000 - 0x00007ffeb3294000 	C:\Windows\system32\cfgmgr32.dll
0x00007ffeb1a90000 - 0x00007ffeb1ab7000 	C:\Windows\SYSTEM32\DEVOBJ.dll
0x000000006f6d0000 - 0x000000006f6df000 	C:\Program Files\Java\jdk1.8.0_66\jre\bin\verify.dll
0x000000006f6a0000 - 0x000000006f6c9000 	C:\Program Files\Java\jdk1.8.0_66\jre\bin\java.dll
0x000000006f680000 - 0x000000006f696000 	C:\Program Files\Java\jdk1.8.0_66\jre\bin\zip.dll
0x00007ffeb3ff0000 - 0x00007ffeb5558000 	C:\Windows\system32\SHELL32.dll
0x00007ffeb3470000 - 0x00007ffeb3a98000 	C:\Windows\system32\windows.storage.dll
0x00007ffeb5930000 - 0x00007ffeb5bac000 	C:\Windows\system32\combase.dll
0x00007ffeb66b0000 - 0x00007ffeb6701000 	C:\Windows\system32\shlwapi.dll
0x00007ffeb3190000 - 0x00007ffeb319f000 	C:\Windows\system32\kernel.appcore.dll
0x00007ffeb3c80000 - 0x00007ffeb3d33000 	C:\Windows\system32\shcore.dll
0x00007ffeb3140000 - 0x00007ffeb318a000 	C:\Windows\system32\powrprof.dll
0x00007ffeb3120000 - 0x00007ffeb3133000 	C:\Windows\system32\profapi.dll
0x00007ffeb65d0000 - 0x00007ffeb668e000 	C:\Windows\system32\OLEAUT32.dll

VM Arguments:
jvm_args: -Djava.awt.headless=true -Xmx1024M -Dfile.encoding=windows-1250 -Duser.country=US -Duser.language=en -Duser.variant 
java_command: com.android.dx.command.Main --dex --num-threads=4 --output D:\ZAVRSNI\Diktafon\app\build\intermediates\pre-dexed\debug\com.android.support-recyclerview-v7-23.1.1_b18c745075d93af8fdb8d541ad470f9f50ed534f.jar D:\ZAVRSNI\Diktafon\app\build\intermediates\exploded-aar\com.android.support\recyclerview-v7\23.1.1\jars\classes.jar
java_class_path (initial): C:\Users\Nikola\AppData\Local\Android\sdk\build-tools\23.0.2\lib\dx.jar
Launcher Type: SUN_STANDARD

Environment Variables:
PATH=C:\Program Files (x86)\NVIDIA Corporation\PhysX\Common;C:\ProgramData\Oracle\Java\javapath;C:\Windows\system32;C:\Windows;C:\Windows\System32\Wbem;C:\Windows\System32\WindowsPowerShell\v1.0\;D:\Program Files\AMD\ATI.ACE\Core-Static;C:\Program Files (x86)\ATI Technologies\ATI.ACE\Core-Static;C:\Program Files (x86)\AMD\ATI.ACE\Core-Static;C:\Windows\system32\config\systemprofile\.dnx\bin;C:\Program Files\Microsoft DNX\Dnvm\;C:\Program Files\Microsoft SQL Server\120\Tools\Binn\;C:\Program Files (x86)\Subversion\bin;C:\Program Files (x86)\Skype\Phone\;C:\Program Files (x86)\GtkSharp\2.12\bin;C:\Program Files\Git\cmd;C:\Users\Nikola\AppData\Local\atom\bin
USERNAME=Nikola
OS=Windows_NT
PROCESSOR_IDENTIFIER=AMD64 Family 21 Model 2 Stepping 0, AuthenticAMD



---------------  S Y S T E M  ---------------

OS: Windows 10.0 , 64 bit Build 10240 (10.0.10240.16384)

CPU:total 8 (8 cores per cpu, 1 threads per core) family 21 model 2 stepping 0, cmov, cx8, fxsr, mmx, sse, sse2, sse3, ssse3, sse4.1, sse4.2, popcnt, avx, aes, clmul, mmxext, 3dnowpref, lzcnt, sse4a, tsc, tscinvbit, tscinv, bmi1

Memory: 4k page, physical 8354460k(506276k free), swap 12548764k(5364k free)

vm_info: Java HotSpot(TM) 64-Bit Server VM (25.66-b17) for windows-amd64 JRE (1.8.0_66-b17), built on Oct  6 2015 18:55:33 by "java_re" with MS VC++ 10.0 (VS2010)

time: Thu Jun 16 20:46:42 2016
elapsed time: 1 seconds (0d 0h 0m 1s)

