#
# There is insufficient memory for the Java Runtime Environment to continue.
# Native memory allocation (malloc) failed to allocate 1048576 bytes for AllocateHeap
# Possible reasons:
#   The system is out of physical RAM or swap space
#   In 32 bit mode, the process size limit was hit
# Possible solutions:
#   Reduce memory load on the system
#   Increase physical memory or swap space
#   Check if swap backing store is full
#   Use 64 bit Java on a 64 bit OS
#   Decrease Java heap size (-Xmx/-Xms)
#   Decrease number of Java threads
#   Decrease Java thread stack sizes (-Xss)
#   Set larger code cache with -XX:ReservedCodeCacheSize=
# This output file may be truncated or incomplete.
#
#  Out of Memory Error (memory/allocation.inline.hpp:61), pid=3464, tid=6580
#
# JRE version:  (8.0_66-b17) (build )
# Java VM: Java HotSpot(TM) 64-Bit Server VM (25.66-b17 mixed mode windows-amd64 compressed oops)
# Failed to write core dump. Minidumps are not enabled by default on client versions of Windows
#

---------------  T H R E A D  ---------------

Current thread (0x0000000002571000):  JavaThread "Unknown thread" [_thread_in_vm, id=6580, stack(0x0000000002470000,0x0000000002570000)]

Stack: [0x0000000002470000,0x0000000002570000]
[error occurred during error reporting (printing stack bounds), id 0xc0000005]

Native frames: (J=compiled Java code, j=interpreted, Vv=VM code, C=native code)


---------------  P R O C E S S  ---------------

Java Threads: ( => current thread )

Other Threads:

=>0x0000000002571000 (exited) JavaThread "Unknown thread" [_thread_in_vm, id=6580, stack(0x0000000002470000,0x0000000002570000)]

VM state:not at safepoint (normal execution)

VM Mutex/Monitor currently owned by a thread: None

Heap:
 PSYoungGen      total 38400K, used 665K [0x00000000eab00000, 0x00000000ed580000, 0x0000000100000000)
  eden space 33280K, 2% used [0x00000000eab00000,0x00000000eaba6670,0x00000000ecb80000)
  from space 5120K, 0% used [0x00000000ed080000,0x00000000ed080000,0x00000000ed580000)
  to   space 5120K, 0% used [0x00000000ecb80000,0x00000000ecb80000,0x00000000ed080000)
 ParOldGen       total 87552K, used 0K [0x00000000c0000000, 0x00000000c5580000, 0x00000000eab00000)
  object space 87552K, 0% used [0x00000000c0000000,0x00000000c0000000,0x00000000c5580000)
 Metaspace       used 767K, capacity 4480K, committed 4480K, reserved 1056768K
  class space    used 75K, capacity 384K, committed 384K, reserved 1048576K

Card table byte_map: [0x0000000011a30000,0x0000000011c40000] byte_map_base: 0x0000000011430000

Marking Bits: (ParMarkBitMap*) 0x000000006a68a5b0
 Begin Bits: [0x00000000125a0000, 0x00000000135a0000)
 End Bits:   [0x00000000135a0000, 0x00000000145a0000)

Polling page: 0x0000000002370000

CodeCache: size=245760Kb used=327Kb max_used=327Kb free=245432Kb
 bounds [0x0000000002670000, 0x00000000028e0000, 0x0000000011670000]
 total_blobs=56 nmethods=0 adapters=37
 compilation: enabled

Compilation events (0 events):
No events

GC Heap History (0 events):
No events

Deoptimization events (0 events):
No events

Internal exceptions (0 events):
No events

Events (10 events):
Event: 0.049 loading class java/lang/Short
Event: 0.049 loading class java/lang/Short done
Event: 0.049 loading class java/lang/Integer
Event: 0.050 loading class java/lang/Integer done
Event: 0.050 loading class java/lang/Long
Event: 0.050 loading class java/lang/Long done
Event: 0.051 loading class java/lang/NullPointerException
Event: 0.051 loading class java/lang/NullPointerException done
Event: 0.051 loading class java/lang/ArithmeticException
Event: 0.051 loading class java/lang/ArithmeticException done


Dynamic libraries:
0x00007ff7be540000 - 0x00007ff7be577000 	C:\Program Files\Java\jdk1.8.0_66\bin\java.exe
0x00007ff9dde90000 - 0x00007ff9de051000 	C:\WINDOWS\SYSTEM32\ntdll.dll
0x00007ff9ddd80000 - 0x00007ff9dde2d000 	C:\WINDOWS\system32\KERNEL32.DLL
0x00007ff9da540000 - 0x00007ff9da728000 	C:\WINDOWS\system32\KERNELBASE.dll
0x00007ff9dc660000 - 0x00007ff9dc707000 	C:\WINDOWS\system32\ADVAPI32.dll
0x00007ff9dc220000 - 0x00007ff9dc2bd000 	C:\WINDOWS\system32\msvcrt.dll
0x00007ff9dde30000 - 0x00007ff9dde8b000 	C:\WINDOWS\system32\sechost.dll
0x00007ff9dc4a0000 - 0x00007ff9dc5bc000 	C:\WINDOWS\system32\RPCRT4.dll
0x00007ff9db8d0000 - 0x00007ff9dba26000 	C:\WINDOWS\system32\USER32.dll
0x00007ff9db3e0000 - 0x00007ff9db566000 	C:\WINDOWS\system32\GDI32.dll
0x00007ff9c3d00000 - 0x00007ff9c3f74000 	C:\WINDOWS\WinSxS\amd64_microsoft.windows.common-controls_6595b64144ccf1df_6.0.10586.494_none_a2d8b04ea53e3145\COMCTL32.dll
0x00007ff9db640000 - 0x00007ff9db8bd000 	C:\WINDOWS\system32\combase.dll
0x00007ff9da810000 - 0x00007ff9da87a000 	C:\WINDOWS\system32\bcryptPrimitives.dll
0x00007ff9dc5c0000 - 0x00007ff9dc5fb000 	C:\WINDOWS\system32\IMM32.DLL
0x00000000693f0000 - 0x00000000694c2000 	C:\Program Files\Java\jdk1.8.0_66\jre\bin\msvcr100.dll
0x0000000069e80000 - 0x000000006a709000 	C:\Program Files\Java\jdk1.8.0_66\jre\bin\server\jvm.dll
0x00007ff9dc470000 - 0x00007ff9dc478000 	C:\WINDOWS\system32\PSAPI.DLL
0x00007ff9d8050000 - 0x00007ff9d8059000 	C:\WINDOWS\SYSTEM32\WSOCK32.dll
0x00007ff9dbb00000 - 0x00007ff9dbb6b000 	C:\WINDOWS\system32\WS2_32.dll
0x00007ff9d8ab0000 - 0x00007ff9d8ad3000 	C:\WINDOWS\SYSTEM32\WINMM.dll
0x00007ff9d66d0000 - 0x00007ff9d66da000 	C:\WINDOWS\SYSTEM32\VERSION.dll
0x00007ff9d8a70000 - 0x00007ff9d8a9c000 	C:\WINDOWS\SYSTEM32\WINMMBASE.dll
0x00007ff9da7c0000 - 0x00007ff9da803000 	C:\WINDOWS\system32\cfgmgr32.dll
0x0000000069e70000 - 0x0000000069e7f000 	C:\Program Files\Java\jdk1.8.0_66\jre\bin\verify.dll
0x0000000069e40000 - 0x0000000069e69000 	C:\Program Files\Java\jdk1.8.0_66\jre\bin\java.dll
0x0000000069e20000 - 0x0000000069e36000 	C:\Program Files\Java\jdk1.8.0_66\jre\bin\zip.dll

VM Arguments:
jvm_args: -Djava.awt.headless=true -Xmx1024M -Dfile.encoding=windows-1250 -Duser.country=US -Duser.language=en -Duser.variant 
java_command: com.android.dx.command.Main --dex --force-jumbo --num-threads=4 --multi-dex --output D:\ZAVRSNI\Diktafon\app\build\intermediates\transforms\dex\debug\folders\1000\10\com.romainpiel.shimmer-library-1.4.0_36c852ed36a1cfe10c6cb557d0748207b352243e D:\ZAVRSNI\Diktafon\app\build\intermediates\exploded-aar\com.romainpiel.shimmer\library\1.4.0\jars\classes.jar
java_class_path (initial): C:\Users\Nikola\AppData\Local\Android\sdk\build-tools\23.0.2\lib\dx.jar
Launcher Type: SUN_STANDARD

Environment Variables:
PATH=C:\Program Files (x86)\NVIDIA Corporation\PhysX\Common;C:\ProgramData\Oracle\Java\javapath;C:\WINDOWS\system32;C:\WINDOWS;C:\WINDOWS\System32\Wbem;C:\WINDOWS\System32\WindowsPowerShell\v1.0\;D:\Program Files\AMD\ATI.ACE\Core-Static;C:\Program Files (x86)\ATI Technologies\ATI.ACE\Core-Static;C:\Program Files (x86)\AMD\ATI.ACE\Core-Static;C:\WINDOWS\system32\config\systemprofile\.dnx\bin;C:\Program Files\Microsoft DNX\Dnvm\;C:\Program Files\Microsoft SQL Server\120\Tools\Binn\;C:\Program Files (x86)\Subversion\bin;C:\Program Files (x86)\Skype\Phone\;C:\Program Files (x86)\GtkSharp\2.12\bin;C:\Program Files\Git\cmd;C:\Users\Nikola\AppData\Local\atom\bin
USERNAME=Nikola
OS=Windows_NT
PROCESSOR_IDENTIFIER=AMD64 Family 21 Model 2 Stepping 0, AuthenticAMD



---------------  S Y S T E M  ---------------

OS: Windows 10.0 , 64 bit Build 10586 (10.0.10586.0)

CPU:total 8 (8 cores per cpu, 1 threads per core) family 21 model 2 stepping 0, cmov, cx8, fxsr, mmx, sse, sse2, sse3, ssse3, sse4.1, sse4.2, popcnt, avx, aes, clmul, mmxext, 3dnowpref, lzcnt, sse4a, tsc, tscinvbit, tscinv, bmi1

Memory: 4k page, physical 8354460k(1739220k free), swap 12548764k(5264k free)

vm_info: Java HotSpot(TM) 64-Bit Server VM (25.66-b17) for windows-amd64 JRE (1.8.0_66-b17), built on Oct  6 2015 18:55:33 by "java_re" with MS VC++ 10.0 (VS2010)

time: Fri Sep 02 20:00:05 2016
elapsed time: 0 seconds (0d 0h 0m 0s)

